#
# A fatal error has been detected by the Java Runtime Environment:
#
#  EXCEPTION_ACCESS_VIOLATION (0xc0000005) at pc=0x00007fff214c1ff5, pid=8396, tid=1364
#
# JRE version: Java(TM) SE Runtime Environment (12.0.2+10) (build 12.0.2+10)
# Java VM: Java HotSpot(TM) 64-Bit Server VM (12.0.2+10, mixed mode, tiered, compressed oops, g1 gc, windows-amd64)
# Problematic frame:
# C  [awt.dll+0x91ff5]
#
# No core dump will be written. Minidumps are not enabled by default on client versions of Windows
#
# If you would like to submit a bug report, please visit:
#   http://bugreport.java.com/bugreport/crash.jsp
# The crash happened outside the Java Virtual Machine in native code.
# See problematic frame for where to report the bug.
#

---------------  S U M M A R Y ------------

Command Line: -agentpath:D:\jprofiler11\bin\windows-x64\jprofilerti.dll=port=34314 -Djprofiler.64bit=true -Dfile.encoding=GBK API.graphics.GUI

Host: Intel(R) Core(TM) i5-8265U CPU @ 1.60GHz, 8 cores, 7G,  Windows 10 , 64 bit Build 18362 (10.0.18362.329)
Time: Sat May 30 15:03:36 2020 ?D1®≤°¿®∫°¡?®∫°¿?? elapsed time: 181273 seconds (2d 2h 21m 13s)

---------------  T H R E A D  ---------------

Current thread (0x00000169231aa800):  JavaThread "AWT-Windows" daemon [_thread_in_native, id=1364, stack(0x000000666e800000,0x000000666e900000)]

Stack: [0x000000666e800000,0x000000666e900000],  sp=0x000000666e8feb60,  free space=1018k
Native frames: (J=compiled Java code, j=interpreted, Vv=VM code, C=native code)
C  [awt.dll+0x91ff5]

Java frames: (J=compiled Java code, j=interpreted, Vv=VM code)
j  sun.awt.windows.WToolkit.eventLoop()V+0 java.desktop@12.0.2
j  sun.awt.windows.WToolkit.run()V+50 java.desktop@12.0.2
j  java.lang.Thread.run()V+11 java.base@12.0.2
v  ~StubRoutines::call_stub

siginfo: EXCEPTION_ACCESS_VIOLATION (0xc0000005), reading address 0xffffffffffffffff


Register to memory mapping:

RIP=0x00007fff214c1ff5 awt.dll
RAX=0x01bb0b39d601b887 is an unknown value
RBX=0x0 is NULL
RCX=0x01bb0b39d601b887 is an unknown value
RDX=0x00007fff2151dd20 awt.dll
RSP=0x000000666e8feb60 is pointing into the stack for thread: 0x00000169231aa800
RBP=0x000000666e8fec29 is pointing into the stack for thread: 0x00000169231aa800
RSI=0x000000000000a220 is an unknown value
RDI=0x00000169233b1920 points into unknown readable memory: c0 c7 53 21 ff 7f 00 00
R8 =0x0 is NULL
R9 =0x0 is NULL
R10=0x00007fff2153c7c0 awt.dll
R11=0x000000666e8fed18 is pointing into the stack for thread: 0x00000169231aa800
R12=0x0000000000000001 is an unknown value
R13=0x00000000000c0e14 is an unknown value
R14=0x0000000000000111 is an unknown value
R15=0x000000000000010f is an unknown value


Registers:
RAX=0x01bb0b39d601b887, RBX=0x0000000000000000, RCX=0x01bb0b39d601b887, RDX=0x00007fff2151dd20
RSP=0x000000666e8feb60, RBP=0x000000666e8fec29, RSI=0x000000000000a220, RDI=0x00000169233b1920
R8 =0x0000000000000000, R9 =0x0000000000000000, R10=0x00007fff2153c7c0, R11=0x000000666e8fed18
R12=0x0000000000000001, R13=0x00000000000c0e14, R14=0x0000000000000111, R15=0x000000000000010f
RIP=0x00007fff214c1ff5, EFLAGS=0x0000000000010206

Top of Stack: (sp=0x000000666e8feb60)
0x000000666e8feb60:   0000000000000000 0000000000000000
0x000000666e8feb70:   0000000000000000 0000000000000000
0x000000666e8feb80:   0000000000000002 00007fff214c102b
0x000000666e8feb90:   00000169233b1920 000000666e8fec29
0x000000666e8feba0:   000000000000a220 00000169233b1920
0x000000666e8febb0:   000000000000c206 000000666cb4a800
0x000000666e8febc0:   0000000000000000 0000016900c76c60
0x000000666e8febd0:   0000000000000000 0000000000000001
0x000000666e8febe0:   000000000000c206 0000000000000000
0x000000666e8febf0:   000000666e8fecb0 0000000000000000
0x000000666e8fec00:   0000000000000001 00000169231aab30
0x000000666e8fec10:   00000169233b19c0 fffffffffffffffe
0x000000666e8fec20:   0000000000000001 00007fff255013a2
0x000000666e8fec30:   0000000000000001 000000666e8fecb0
0x000000666e8fec40:   00008934d01ef6a4 000000000000c206
0x000000666e8fec50:   0000000000000000 000000000000a220 

Instructions: (pc=0x00007fff214c1ff5)
0x00007fff214c1ef5:   8d 45 38 0f b6 c2 41 b9 02 00 00 00 c1 e1 08 33
0x00007fff214c1f05:   d2 0b c1 c7 44 24 28 01 00 00 00 8b 0d 3a 24 0c
0x00007fff214c1f15:   00 89 45 38 48 8d 45 48 48 89 44 24 20 ff 15 58
0x00007fff214c1f25:   b1 05 00 8b 4d 38 0f b7 45 48 66 83 f8 0d 75 09
0x00007fff214c1f35:   b8 0a 00 00 00 66 89 45 48 8b c1 48 89 45 e0 41
0x00007fff214c1f45:   0f b7 c5 41 0f b7 cc 48 c1 e1 10 48 0b c8 44 89
0x00007fff214c1f55:   75 d8 48 89 4d e8 ff 15 ff 0e 0c 00 83 65 f4 00
0x00007fff214c1f65:   33 d2 83 65 f8 00 33 c9 0f b7 5d 48 89 45 f0 e8
0x00007fff214c1f75:   9e 0d 05 00 48 8d 4d d0 4c 8b c0 48 89 4c 24 40
0x00007fff214c1f85:   45 33 c9 48 83 64 24 38 00 ba 90 01 00 00 83 64
0x00007fff214c1f95:   24 30 00 49 8b cf 89 7c 24 28 89 5c 24 20 e8 68
0x00007fff214c1fa5:   d4 ff ff b8 02 00 00 00 4c 8d 9c 24 80 00 00 00
0x00007fff214c1fb5:   49 8b 5b 30 49 8b 7b 40 49 8b e3 41 5f 41 5e 41
0x00007fff214c1fc5:   5d 41 5c 5d c3 cc cc 40 53 48 83 ec 20 41 8b d9
0x00007fff214c1fd5:   4d 85 c0 75 23 48 8d 0d 1f 42 0c 00 e8 ba bf 03
0x00007fff214c1fe5:   00 48 8b c8 48 85 c0 75 07 b8 02 00 00 00 eb 29
0x00007fff214c1ff5:   48 8b 00 ff 50 10 eb f1 49 8b c8 e8 df b5 ff ff
0x00007fff214c2005:   48 85 c0 74 0f 4c 8b 00 8b d3 48 8b c8 41 ff 90
0x00007fff214c2015:   a0 02 00 00 b8 01 00 00 00 48 83 c4 20 5b c3 48
0x00007fff214c2025:   89 5c 24 08 48 89 6c 24 10 48 89 74 24 18 57 48
0x00007fff214c2035:   83 ec 20 48 8b d9 49 8b f1 49 8b 48 08 49 8b f8
0x00007fff214c2045:   8b ea e8 98 b5 ff ff 48 3b c3 74 1c 48 85 c0 74
0x00007fff214c2055:   17 4c 8b 10 4c 8b ce 4c 8b c7 8b d5 48 8b c8 41
0x00007fff214c2065:   ff 92 a8 02 00 00 eb 05 b8 02 00 00 00 48 8b 5c
0x00007fff214c2075:   24 30 48 8b 6c 24 38 48 8b 74 24 40 48 83 c4 20
0x00007fff214c2085:   5f c3 cc 48 89 5c 24 08 57 48 83 ec 20 49 8b c8
0x00007fff214c2095:   48 8b fa e8 47 b5 ff ff 48 8b d8 48 85 c0 74 39
0x00007fff214c20a5:   48 8b c8 e8 87 b4 ff ff 8b d0 48 8b cf ff 15 f0
0x00007fff214c20b5:   07 0c 00 8b 93 80 00 00 00 48 8b cf ff 15 d1 07
0x00007fff214c20c5:   0c 00 48 8b cb e8 e5 b3 ff ff 48 8b 4c 24 50 48
0x00007fff214c20d5:   89 01 b8 02 00 00 00 eb 05 b8 01 00 00 00 48 8b
0x00007fff214c20e5:   5c 24 30 48 83 c4 20 5f c3 cc cc 48 89 5c 24 08 


Stack slot to memory mapping:
stack at sp + 0 slots: 0x0 is NULL
stack at sp + 1 slots: 0x0 is NULL
stack at sp + 2 slots: 0x0 is NULL
stack at sp + 3 slots: 0x0 is NULL
stack at sp + 4 slots: 0x0000000000000002 is an unknown value
stack at sp + 5 slots: 0x00007fff214c102b awt.dll
stack at sp + 6 slots: 0x00000169233b1920 points into unknown readable memory: c0 c7 53 21 ff 7f 00 00
stack at sp + 7 slots: 0x000000666e8fec29 is pointing into the stack for thread: 0x00000169231aa800


---------------  P R O C E S S  ---------------

Threads class SMR info:
_java_thread_list=0x000001692304c0e0, length=18, elements={
0x0000016922124800, 0x0000016922126000, 0x0000016922242000, 0x0000016922225800,
0x0000016922226800, 0x000001692224c800, 0x000001692224d000, 0x00000169222f5000,
0x0000016922c45800, 0x0000016922c3e000, 0x0000016922ccc000, 0x0000016922c3a000,
0x0000016922cd3000, 0x000001692319d000, 0x00000169231a0000, 0x00000169231aa800,
0x000001692335a000, 0x00000169007c5000
}

Java Threads: ( => current thread )
  0x0000016922124800 JavaThread "Reference Handler" daemon [_thread_blocked, id=3384, stack(0x000000666d700000,0x000000666d800000)]
  0x0000016922126000 JavaThread "Finalizer" daemon [_thread_blocked, id=3996, stack(0x000000666d800000,0x000000666d900000)]
  0x0000016922242000 JavaThread "Signal Dispatcher" daemon [_thread_blocked, id=12108, stack(0x000000666d900000,0x000000666da00000)]
  0x0000016922225800 JavaThread "Attach Listener" daemon [_thread_blocked, id=17844, stack(0x000000666da00000,0x000000666db00000)]
  0x0000016922226800 JavaThread "C2 CompilerThread0" daemon [_thread_blocked, id=6408, stack(0x000000666db00000,0x000000666dc00000)]
  0x000001692224c800 JavaThread "C1 CompilerThread0" daemon [_thread_blocked, id=6788, stack(0x000000666dc00000,0x000000666dd00000)]
  0x000001692224d000 JavaThread "Sweeper thread" daemon [_thread_blocked, id=20236, stack(0x000000666dd00000,0x000000666de00000)]
  0x00000169222f5000 JavaThread "Common-Cleaner" daemon [_thread_blocked, id=4948, stack(0x000000666de00000,0x000000666df00000)]
  0x0000016922c45800 JavaThread "_jprofiler_native_comm" daemon [_thread_in_native, id=17636, stack(0x000000666df00000,0x000000666e000000)]
  0x0000016922c3e000 JavaThread "_jprofiler_native_sampler" daemon [_thread_in_native, id=19164, stack(0x000000666e000000,0x000000666e100000)]
  0x0000016922ccc000 JavaThread "_jprofiler_control_sampler" daemon [_thread_blocked, id=6292, stack(0x000000666e200000,0x000000666e300000)]
  0x0000016922c3a000 JavaThread "_jprofiler_sampler" daemon [_thread_blocked, id=11284, stack(0x000000666e300000,0x000000666e400000)]
  0x0000016922cd3000 JavaThread "Service Thread" daemon [_thread_blocked, id=6188, stack(0x000000666e400000,0x000000666e500000)]
  0x000001692319d000 JavaThread "Java2D Disposer" daemon [_thread_blocked, id=16012, stack(0x000000666e600000,0x000000666e700000)]
  0x00000169231a0000 JavaThread "AWT-Shutdown" [_thread_blocked, id=13176, stack(0x000000666e700000,0x000000666e800000)]
=>0x00000169231aa800 JavaThread "AWT-Windows" daemon [_thread_in_native, id=1364, stack(0x000000666e800000,0x000000666e900000)]
  0x000001692335a000 JavaThread "AWT-EventQueue-0" [_thread_blocked, id=12728, stack(0x000000666eb00000,0x000000666ec00000)]
  0x00000169007c5000 JavaThread "DestroyJavaVM" [_thread_blocked, id=18172, stack(0x000000666d000000,0x000000666d100000)]

Other Threads:
  0x0000016921812000 VMThread "VM Thread" [stack: 0x000000666d600000,0x000000666d700000] [id=15612]
  0x0000016922ce2000 WatcherThread [stack: 0x000000666e500000,0x000000666e600000] [id=19856]
  0x0000016900809800 GCTaskThread "GC Thread#0" [stack: 0x000000666d100000,0x000000666d200000] [id=11704]
  0x0000016922a85000 GCTaskThread "GC Thread#1" [stack: 0x000000666ce00000,0x000000666cf00000] [id=16148]
  0x0000016922bb5000 GCTaskThread "GC Thread#2" [stack: 0x000000666cf00000,0x000000666d000000] [id=5768]
  0x00000169255e4000 GCTaskThread "GC Thread#3" [stack: 0x000000666ec00000,0x000000666ed00000] [id=11720]
  0x00000169255e8800 GCTaskThread "GC Thread#4" [stack: 0x000000666ed00000,0x000000666ee00000] [id=2276]
  0x00000169255e3000 GCTaskThread "GC Thread#5" [stack: 0x000000666f000000,0x000000666f100000] [id=19880]
  0x00000169255e8000 GCTaskThread "GC Thread#6" [stack: 0x000000666f100000,0x000000666f200000] [id=11392]
  0x00000169255e5000 GCTaskThread "GC Thread#7" [stack: 0x000000666f200000,0x000000666f300000] [id=20476]
  0x000001690232d000 ConcurrentGCThread "G1 Main Marker" [stack: 0x000000666d200000,0x000000666d300000] [id=15788]
  0x000001690232e800 ConcurrentGCThread "G1 Conc#0" [stack: 0x000000666d300000,0x000000666d400000] [id=600]
  0x00000169214e3800 ConcurrentGCThread "G1 Refine#0" [stack: 0x000000666d400000,0x000000666d500000] [id=9284]
  0x00000169214e4800 ConcurrentGCThread "G1 Young RemSet Sampling" [stack: 0x000000666d500000,0x000000666d600000] [id=3272]

Threads with active compile tasks:

VM state:not at safepoint (normal execution)

VM Mutex/Monitor currently owned by a thread: None

Heap address: 0x0000000083000000, size: 2000 MB, Compressed Oops mode: 32-bit
Narrow klass base: 0x0000000000000000, Narrow klass shift: 3
Compressed class space size: 1073741824 Address: 0x0000000100000000

Heap:
 garbage-first heap   total 129024K, used 52020K [0x0000000083000000, 0x0000000100000000)
  region size 1024K, 47 young (48128K), 3 survivors (3072K)
 Metaspace       used 20289K, capacity 20696K, committed 20736K, reserved 1067008K
  class space    used 2121K, capacity 2301K, committed 2304K, reserved 1048576K
Heap Regions: E=young(eden), S=young(survivor), O=old, HS=humongous(starts), HC=humongous(continues), CS=collection set, F=free, A=archive, TAMS=top-at-mark-start (previous, next)
|   0|0x0000000083000000, 0x0000000083000000, 0x0000000083100000|  0%| F|  |TAMS 0x0000000083000000, 0x0000000083000000| Untracked 
|   1|0x0000000083100000, 0x0000000083100000, 0x0000000083200000|  0%| F|  |TAMS 0x0000000083100000, 0x0000000083100000| Untracked 
|   2|0x0000000083200000, 0x0000000083200000, 0x0000000083300000|  0%| F|  |TAMS 0x0000000083200000, 0x0000000083200000| Untracked 
|   3|0x0000000083300000, 0x0000000083400000, 0x0000000083400000|100%|HS|  |TAMS 0x0000000083300000, 0x0000000083300000| Complete 
|   4|0x0000000083400000, 0x0000000083500000, 0x0000000083500000|100%|HC|  |TAMS 0x0000000083400000, 0x0000000083400000| Complete 
|   5|0x0000000083500000, 0x0000000083600000, 0x0000000083600000|100%|HC|  |TAMS 0x0000000083500000, 0x0000000083500000| Complete 
|   6|0x0000000083600000, 0x0000000083700000, 0x0000000083700000|100%|HC|  |TAMS 0x0000000083600000, 0x0000000083600000| Complete 
|   7|0x0000000083700000, 0x00000000837cd000, 0x0000000083800000| 80%| O|  |TAMS 0x0000000083700000, 0x0000000083700000| Untracked 
|   8|0x0000000083800000, 0x0000000083800000, 0x0000000083900000|  0%| F|  |TAMS 0x0000000083800000, 0x0000000083800000| Untracked 
|   9|0x0000000083900000, 0x0000000083900000, 0x0000000083a00000|  0%| F|  |TAMS 0x0000000083900000, 0x0000000083900000| Untracked 
|  10|0x0000000083a00000, 0x0000000083a00000, 0x0000000083b00000|  0%| F|  |TAMS 0x0000000083a00000, 0x0000000083a00000| Untracked 
|  11|0x0000000083b00000, 0x0000000083b00000, 0x0000000083c00000|  0%| F|  |TAMS 0x0000000083b00000, 0x0000000083b00000| Untracked 
|  12|0x0000000083c00000, 0x0000000083c00000, 0x0000000083d00000|  0%| F|  |TAMS 0x0000000083c00000, 0x0000000083c00000| Untracked 
|  13|0x0000000083d00000, 0x0000000083d00000, 0x0000000083e00000|  0%| F|  |TAMS 0x0000000083d00000, 0x0000000083d00000| Untracked 
|  14|0x0000000083e00000, 0x0000000083e00000, 0x0000000083f00000|  0%| F|  |TAMS 0x0000000083e00000, 0x0000000083e00000| Untracked 
|  15|0x0000000083f00000, 0x0000000083f00000, 0x0000000084000000|  0%| F|  |TAMS 0x0000000083f00000, 0x0000000083f00000| Untracked 
|  16|0x0000000084000000, 0x0000000084000000, 0x0000000084100000|  0%| F|  |TAMS 0x0000000084000000, 0x0000000084000000| Untracked 
|  17|0x0000000084100000, 0x0000000084100000, 0x0000000084200000|  0%| F|  |TAMS 0x0000000084100000, 0x0000000084100000| Untracked 
|  18|0x0000000084200000, 0x0000000084200000, 0x0000000084300000|  0%| F|  |TAMS 0x0000000084200000, 0x0000000084200000| Untracked 
|  19|0x0000000084300000, 0x0000000084300000, 0x0000000084400000|  0%| F|  |TAMS 0x0000000084300000, 0x0000000084300000| Untracked 
|  20|0x0000000084400000, 0x0000000084400000, 0x0000000084500000|  0%| F|  |TAMS 0x0000000084400000, 0x0000000084400000| Untracked 
|  21|0x0000000084500000, 0x0000000084500000, 0x0000000084600000|  0%| F|  |TAMS 0x0000000084500000, 0x0000000084500000| Untracked 
|  22|0x0000000084600000, 0x0000000084600000, 0x0000000084700000|  0%| F|  |TAMS 0x0000000084600000, 0x0000000084600000| Untracked 
|  23|0x0000000084700000, 0x0000000084700000, 0x0000000084800000|  0%| F|  |TAMS 0x0000000084700000, 0x0000000084700000| Untracked 
|  24|0x0000000084800000, 0x0000000084800000, 0x0000000084900000|  0%| F|  |TAMS 0x0000000084800000, 0x0000000084800000| Untracked 
|  25|0x0000000084900000, 0x0000000084900000, 0x0000000084a00000|  0%| F|  |TAMS 0x0000000084900000, 0x0000000084900000| Untracked 
|  26|0x0000000084a00000, 0x0000000084a00000, 0x0000000084b00000|  0%| F|  |TAMS 0x0000000084a00000, 0x0000000084a00000| Untracked 
|  27|0x0000000084b00000, 0x0000000084b00000, 0x0000000084c00000|  0%| F|  |TAMS 0x0000000084b00000, 0x0000000084b00000| Untracked 
|  28|0x0000000084c00000, 0x0000000084c00000, 0x0000000084d00000|  0%| F|  |TAMS 0x0000000084c00000, 0x0000000084c00000| Untracked 
|  29|0x0000000084d00000, 0x0000000084d00000, 0x0000000084e00000|  0%| F|  |TAMS 0x0000000084d00000, 0x0000000084d00000| Untracked 
|  30|0x0000000084e00000, 0x0000000084e00000, 0x0000000084f00000|  0%| F|  |TAMS 0x0000000084e00000, 0x0000000084e00000| Untracked 
|  31|0x0000000084f00000, 0x0000000084f00000, 0x0000000085000000|  0%| F|  |TAMS 0x0000000084f00000, 0x0000000084f00000| Untracked 
|  32|0x0000000085000000, 0x0000000085000000, 0x0000000085100000|  0%| F|  |TAMS 0x0000000085000000, 0x0000000085000000| Untracked 
|  33|0x0000000085100000, 0x0000000085100000, 0x0000000085200000|  0%| F|  |TAMS 0x0000000085100000, 0x0000000085100000| Untracked 
|  34|0x0000000085200000, 0x0000000085200000, 0x0000000085300000|  0%| F|  |TAMS 0x0000000085200000, 0x0000000085200000| Untracked 
|  35|0x0000000085300000, 0x0000000085300000, 0x0000000085400000|  0%| F|  |TAMS 0x0000000085300000, 0x0000000085300000| Untracked 
|  36|0x0000000085400000, 0x0000000085400000, 0x0000000085500000|  0%| F|  |TAMS 0x0000000085400000, 0x0000000085400000| Untracked 
|  37|0x0000000085500000, 0x0000000085500000, 0x0000000085600000|  0%| F|  |TAMS 0x0000000085500000, 0x0000000085500000| Untracked 
|  38|0x0000000085600000, 0x0000000085600000, 0x0000000085700000|  0%| F|  |TAMS 0x0000000085600000, 0x0000000085600000| Untracked 
|  39|0x0000000085700000, 0x0000000085700000, 0x0000000085800000|  0%| F|  |TAMS 0x0000000085700000, 0x0000000085700000| Untracked 
|  40|0x0000000085800000, 0x0000000085800000, 0x0000000085900000|  0%| F|  |TAMS 0x0000000085800000, 0x0000000085800000| Untracked 
|  41|0x0000000085900000, 0x0000000085900000, 0x0000000085a00000|  0%| F|  |TAMS 0x0000000085900000, 0x0000000085900000| Untracked 
|  42|0x0000000085a00000, 0x0000000085a00000, 0x0000000085b00000|  0%| F|  |TAMS 0x0000000085a00000, 0x0000000085a00000| Untracked 
|  43|0x0000000085b00000, 0x0000000085b00000, 0x0000000085c00000|  0%| F|  |TAMS 0x0000000085b00000, 0x0000000085b00000| Untracked 
|  44|0x0000000085c00000, 0x0000000085c00000, 0x0000000085d00000|  0%| F|  |TAMS 0x0000000085c00000, 0x0000000085c00000| Untracked 
|  45|0x0000000085d00000, 0x0000000085d00000, 0x0000000085e00000|  0%| F|  |TAMS 0x0000000085d00000, 0x0000000085d00000| Untracked 
|  46|0x0000000085e00000, 0x0000000085e00000, 0x0000000085f00000|  0%| F|  |TAMS 0x0000000085e00000, 0x0000000085e00000| Untracked 
|  47|0x0000000085f00000, 0x0000000085f00000, 0x0000000086000000|  0%| F|  |TAMS 0x0000000085f00000, 0x0000000085f00000| Untracked 
|  48|0x0000000086000000, 0x0000000086000000, 0x0000000086100000|  0%| F|  |TAMS 0x0000000086000000, 0x0000000086000000| Untracked 
|  49|0x0000000086100000, 0x0000000086100000, 0x0000000086200000|  0%| F|  |TAMS 0x0000000086100000, 0x0000000086100000| Untracked 
|  50|0x0000000086200000, 0x0000000086200000, 0x0000000086300000|  0%| F|  |TAMS 0x0000000086200000, 0x0000000086200000| Untracked 
|  51|0x0000000086300000, 0x0000000086300000, 0x0000000086400000|  0%| F|  |TAMS 0x0000000086300000, 0x0000000086300000| Untracked 
|  52|0x0000000086400000, 0x0000000086400000, 0x0000000086500000|  0%| F|  |TAMS 0x0000000086400000, 0x0000000086400000| Untracked 
|  53|0x0000000086500000, 0x0000000086500000, 0x0000000086600000|  0%| F|  |TAMS 0x0000000086500000, 0x0000000086500000| Untracked 
|  54|0x0000000086600000, 0x0000000086600000, 0x0000000086700000|  0%| F|  |TAMS 0x0000000086600000, 0x0000000086600000| Untracked 
|  55|0x0000000086700000, 0x0000000086700000, 0x0000000086800000|  0%| F|  |TAMS 0x0000000086700000, 0x0000000086700000| Untracked 
|  56|0x0000000086800000, 0x0000000086800000, 0x0000000086900000|  0%| F|  |TAMS 0x0000000086800000, 0x0000000086800000| Untracked 
|  57|0x0000000086900000, 0x0000000086900000, 0x0000000086a00000|  0%| F|  |TAMS 0x0000000086900000, 0x0000000086900000| Untracked 
|  58|0x0000000086a00000, 0x0000000086a00000, 0x0000000086b00000|  0%| F|  |TAMS 0x0000000086a00000, 0x0000000086a00000| Untracked 
|  59|0x0000000086b00000, 0x0000000086b00000, 0x0000000086c00000|  0%| F|  |TAMS 0x0000000086b00000, 0x0000000086b00000| Untracked 
|  60|0x0000000086c00000, 0x0000000086c00000, 0x0000000086d00000|  0%| F|  |TAMS 0x0000000086c00000, 0x0000000086c00000| Untracked 
|  61|0x0000000086d00000, 0x0000000086d00000, 0x0000000086e00000|  0%| F|  |TAMS 0x0000000086d00000, 0x0000000086d00000| Untracked 
|  62|0x0000000086e00000, 0x0000000086e00000, 0x0000000086f00000|  0%| F|  |TAMS 0x0000000086e00000, 0x0000000086e00000| Untracked 
|  63|0x0000000086f00000, 0x0000000086f00000, 0x0000000087000000|  0%| F|  |TAMS 0x0000000086f00000, 0x0000000086f00000| Untracked 
|  64|0x0000000087000000, 0x0000000087000000, 0x0000000087100000|  0%| F|  |TAMS 0x0000000087000000, 0x0000000087000000| Untracked 
|  65|0x0000000087100000, 0x0000000087100000, 0x0000000087200000|  0%| F|  |TAMS 0x0000000087100000, 0x0000000087100000| Untracked 
|  66|0x0000000087200000, 0x0000000087200000, 0x0000000087300000|  0%| F|  |TAMS 0x0000000087200000, 0x0000000087200000| Untracked 
|  67|0x0000000087300000, 0x0000000087300000, 0x0000000087400000|  0%| F|  |TAMS 0x0000000087300000, 0x0000000087300000| Untracked 
|  68|0x0000000087400000, 0x0000000087400000, 0x0000000087500000|  0%| F|  |TAMS 0x0000000087400000, 0x0000000087400000| Untracked 
|  69|0x0000000087500000, 0x0000000087500000, 0x0000000087600000|  0%| F|  |TAMS 0x0000000087500000, 0x0000000087500000| Untracked 
|  70|0x0000000087600000, 0x0000000087600000, 0x0000000087700000|  0%| F|  |TAMS 0x0000000087600000, 0x0000000087600000| Untracked 
|  71|0x0000000087700000, 0x0000000087700000, 0x0000000087800000|  0%| F|  |TAMS 0x0000000087700000, 0x0000000087700000| Untracked 
|  72|0x0000000087800000, 0x0000000087800000, 0x0000000087900000|  0%| F|  |TAMS 0x0000000087800000, 0x0000000087800000| Untracked 
|  73|0x0000000087900000, 0x0000000087900000, 0x0000000087a00000|  0%| F|  |TAMS 0x0000000087900000, 0x0000000087900000| Untracked 
|  74|0x0000000087a00000, 0x0000000087a00000, 0x0000000087b00000|  0%| F|  |TAMS 0x0000000087a00000, 0x0000000087a00000| Untracked 
|  75|0x0000000087b00000, 0x0000000087b00000, 0x0000000087c00000|  0%| F|  |TAMS 0x0000000087b00000, 0x0000000087b00000| Untracked 
|  76|0x0000000087c00000, 0x0000000087c00000, 0x0000000087d00000|  0%| F|  |TAMS 0x0000000087c00000, 0x0000000087c00000| Untracked 
|  77|0x0000000087d00000, 0x0000000087d00000, 0x0000000087e00000|  0%| F|  |TAMS 0x0000000087d00000, 0x0000000087d00000| Untracked 
|  78|0x0000000087e00000, 0x0000000087e00000, 0x0000000087f00000|  0%| F|  |TAMS 0x0000000087e00000, 0x0000000087e00000| Untracked 
|  79|0x0000000087f00000, 0x0000000087f80800, 0x0000000088000000| 50%| E|  |TAMS 0x0000000087f00000, 0x0000000087f00000| Complete 
|  80|0x0000000088000000, 0x0000000088100000, 0x0000000088100000|100%| E|CS|TAMS 0x0000000088000000, 0x0000000088000000| Complete 
|  81|0x0000000088100000, 0x0000000088200000, 0x0000000088200000|100%| E|CS|TAMS 0x0000000088100000, 0x0000000088100000| Complete 
|  82|0x0000000088200000, 0x0000000088300000, 0x0000000088300000|100%| E|CS|TAMS 0x0000000088200000, 0x0000000088200000| Complete 
|  83|0x0000000088300000, 0x0000000088400000, 0x0000000088400000|100%| E|CS|TAMS 0x0000000088300000, 0x0000000088300000| Complete 
|  84|0x0000000088400000, 0x0000000088500000, 0x0000000088500000|100%| E|CS|TAMS 0x0000000088400000, 0x0000000088400000| Complete 
|  85|0x0000000088500000, 0x0000000088600000, 0x0000000088600000|100%| E|CS|TAMS 0x0000000088500000, 0x0000000088500000| Complete 
|  86|0x0000000088600000, 0x0000000088700000, 0x0000000088700000|100%| E|CS|TAMS 0x0000000088600000, 0x0000000088600000| Complete 
|  87|0x0000000088700000, 0x0000000088800000, 0x0000000088800000|100%| E|CS|TAMS 0x0000000088700000, 0x0000000088700000| Complete 
|  88|0x0000000088800000, 0x0000000088900000, 0x0000000088900000|100%| E|CS|TAMS 0x0000000088800000, 0x0000000088800000| Complete 
|  89|0x0000000088900000, 0x0000000088a00000, 0x0000000088a00000|100%| E|CS|TAMS 0x0000000088900000, 0x0000000088900000| Complete 
|  90|0x0000000088a00000, 0x0000000088b00000, 0x0000000088b00000|100%| E|CS|TAMS 0x0000000088a00000, 0x0000000088a00000| Complete 
|  91|0x0000000088b00000, 0x0000000088c00000, 0x0000000088c00000|100%| E|CS|TAMS 0x0000000088b00000, 0x0000000088b00000| Complete 
|  92|0x0000000088c00000, 0x0000000088d00000, 0x0000000088d00000|100%| E|CS|TAMS 0x0000000088c00000, 0x0000000088c00000| Complete 
|  93|0x0000000088d00000, 0x0000000088e00000, 0x0000000088e00000|100%| E|CS|TAMS 0x0000000088d00000, 0x0000000088d00000| Complete 
|  94|0x0000000088e00000, 0x0000000088f00000, 0x0000000088f00000|100%| E|CS|TAMS 0x0000000088e00000, 0x0000000088e00000| Complete 
|  95|0x0000000088f00000, 0x0000000089000000, 0x0000000089000000|100%| E|CS|TAMS 0x0000000088f00000, 0x0000000088f00000| Complete 
|  96|0x0000000089000000, 0x0000000089100000, 0x0000000089100000|100%| E|CS|TAMS 0x0000000089000000, 0x0000000089000000| Complete 
|  97|0x0000000089100000, 0x0000000089200000, 0x0000000089200000|100%| E|CS|TAMS 0x0000000089100000, 0x0000000089100000| Complete 
|  98|0x0000000089200000, 0x0000000089300000, 0x0000000089300000|100%| E|CS|TAMS 0x0000000089200000, 0x0000000089200000| Complete 
|  99|0x0000000089300000, 0x0000000089400000, 0x0000000089400000|100%| S|CS|TAMS 0x0000000089300000, 0x0000000089300000| Complete 
| 100|0x0000000089400000, 0x0000000089500000, 0x0000000089500000|100%| S|CS|TAMS 0x0000000089400000, 0x0000000089400000| Complete 
| 101|0x0000000089500000, 0x0000000089600000, 0x0000000089600000|100%| S|CS|TAMS 0x0000000089500000, 0x0000000089500000| Complete 
| 102|0x0000000089600000, 0x0000000089700000, 0x0000000089700000|100%| E|CS|TAMS 0x0000000089600000, 0x0000000089600000| Complete 
| 103|0x0000000089700000, 0x0000000089800000, 0x0000000089800000|100%| E|CS|TAMS 0x0000000089700000, 0x0000000089700000| Complete 
| 104|0x0000000089800000, 0x0000000089900000, 0x0000000089900000|100%| E|CS|TAMS 0x0000000089800000, 0x0000000089800000| Complete 
| 105|0x0000000089900000, 0x0000000089a00000, 0x0000000089a00000|100%| E|CS|TAMS 0x0000000089900000, 0x0000000089900000| Complete 
| 106|0x0000000089a00000, 0x0000000089b00000, 0x0000000089b00000|100%| E|CS|TAMS 0x0000000089a00000, 0x0000000089a00000| Complete 
| 107|0x0000000089b00000, 0x0000000089c00000, 0x0000000089c00000|100%| E|CS|TAMS 0x0000000089b00000, 0x0000000089b00000| Complete 
| 108|0x0000000089c00000, 0x0000000089d00000, 0x0000000089d00000|100%| E|CS|TAMS 0x0000000089c00000, 0x0000000089c00000| Complete 
| 109|0x0000000089d00000, 0x0000000089e00000, 0x0000000089e00000|100%| E|CS|TAMS 0x0000000089d00000, 0x0000000089d00000| Complete 
| 110|0x0000000089e00000, 0x0000000089f00000, 0x0000000089f00000|100%| E|CS|TAMS 0x0000000089e00000, 0x0000000089e00000| Complete 
| 111|0x0000000089f00000, 0x000000008a000000, 0x000000008a000000|100%| E|CS|TAMS 0x0000000089f00000, 0x0000000089f00000| Complete 
| 112|0x000000008a000000, 0x000000008a100000, 0x000000008a100000|100%| E|CS|TAMS 0x000000008a000000, 0x000000008a000000| Complete 
| 113|0x000000008a100000, 0x000000008a200000, 0x000000008a200000|100%| E|CS|TAMS 0x000000008a100000, 0x000000008a100000| Complete 
| 114|0x000000008a200000, 0x000000008a300000, 0x000000008a300000|100%| E|CS|TAMS 0x000000008a200000, 0x000000008a200000| Complete 
| 115|0x000000008a300000, 0x000000008a400000, 0x000000008a400000|100%| E|CS|TAMS 0x000000008a300000, 0x000000008a300000| Complete 
| 116|0x000000008a400000, 0x000000008a500000, 0x000000008a500000|100%| E|CS|TAMS 0x000000008a400000, 0x000000008a400000| Complete 
| 117|0x000000008a500000, 0x000000008a600000, 0x000000008a600000|100%| E|CS|TAMS 0x000000008a500000, 0x000000008a500000| Complete 
| 118|0x000000008a600000, 0x000000008a700000, 0x000000008a700000|100%| E|CS|TAMS 0x000000008a600000, 0x000000008a600000| Complete 
| 119|0x000000008a700000, 0x000000008a800000, 0x000000008a800000|100%| E|CS|TAMS 0x000000008a700000, 0x000000008a700000| Complete 
| 120|0x000000008a800000, 0x000000008a900000, 0x000000008a900000|100%| E|CS|TAMS 0x000000008a800000, 0x000000008a800000| Complete 
| 121|0x000000008a900000, 0x000000008aa00000, 0x000000008aa00000|100%| E|CS|TAMS 0x000000008a900000, 0x000000008a900000| Complete 
| 122|0x000000008aa00000, 0x000000008ab00000, 0x000000008ab00000|100%| E|CS|TAMS 0x000000008aa00000, 0x000000008aa00000| Complete 
| 123|0x000000008ab00000, 0x000000008ac00000, 0x000000008ac00000|100%| E|CS|TAMS 0x000000008ab00000, 0x000000008ab00000| Complete 
| 124|0x000000008ac00000, 0x000000008ad00000, 0x000000008ad00000|100%| E|CS|TAMS 0x000000008ac00000, 0x000000008ac00000| Complete 
| 125|0x000000008ad00000, 0x000000008ae00000, 0x000000008ae00000|100%| E|CS|TAMS 0x000000008ad00000, 0x000000008ad00000| Complete 

Card table byte_map: [0x000001691a510000,0x000001691a900000] _byte_map_base: 0x000001691a0f8000

Marking Bits (Prev, Next): (CMBitMap*) 0x000001690080a088, (CMBitMap*) 0x000001690080a0c8
 Prev Bits: [0x000001691acf0000, 0x000001691cc30000)
 Next Bits: [0x000001691cc30000, 0x000001691eb70000)

Polling page: 0x0000016900810000

Metaspace:

Usage:
  Non-class:     17.96 MB capacity,    17.74 MB ( 99%) used,   185.84 KB (  1%) free+waste,    41.38 KB ( <1%) overhead. 
      Class:      2.25 MB capacity,     2.07 MB ( 92%) used,   159.04 KB (  7%) free+waste,    20.75 KB ( <1%) overhead. 
       Both:     20.21 MB capacity,    19.81 MB ( 98%) used,   344.88 KB (  2%) free+waste,    62.13 KB ( <1%) overhead. 

Virtual space:
  Non-class space:       18.00 MB reserved,      18.00 MB (100%) committed 
      Class space:        1.00 GB reserved,       2.25 MB ( <1%) committed 
             Both:        1.02 GB reserved,      20.25 MB (  2%) committed 

Chunk freelists:
   Non-Class:  4.63 KB
       Class:  384 bytes
        Both:  5.00 KB

CodeHeap 'non-profiled nmethods': size=120000Kb used=1166Kb max_used=1166Kb free=118833Kb
 bounds [0x0000016912180000, 0x00000169123f0000, 0x00000169196b0000]
CodeHeap 'profiled nmethods': size=120000Kb used=5186Kb max_used=5186Kb free=114813Kb
 bounds [0x000001690ac50000, 0x000001690b170000, 0x0000016912180000]
CodeHeap 'non-nmethods': size=5760Kb used=1248Kb max_used=1290Kb free=4511Kb
 bounds [0x000001690a6b0000, 0x000001690a920000, 0x000001690ac50000]
 total_blobs=3784 nmethods=2480 adapters=542
 compilation: enabled
              stopped_count=0, restarted_count=0
 full_count=0

Compilation events (10 events):
Event: 29071.437 Thread 0x0000016922226800 2477       4       com.jprofiler.agent.util.a.a.b.n$m::o (9 bytes)
Event: 29071.752 Thread 0x0000016922226800 nmethod 2477 0x000001691229fe90 code [0x00000169122a0040, 0x00000169122a01a8]
Event: 78967.131 Thread 0x000001692224c800 2478       3       com.jprofiler.agent.sampler.b::a (434 bytes)
Event: 78967.402 Thread 0x000001692224c800 nmethod 2478 0x000001690b15e890 code [0x000001690b15ebc0, 0x000001690b160220]
Event: 79045.174 Thread 0x0000016922226800 2479       4       sun.awt.AWTAutoShutdown::notifyToolkitThreadBusy (8 bytes)
Event: 79045.281 Thread 0x0000016922226800 nmethod 2479 0x00000169122a0390 code [0x00000169122a0540, 0x00000169122a05c8]
Event: 79045.281 Thread 0x0000016922226800 2480       4       sun.awt.AWTAutoShutdown::notifyToolkitThreadFree (8 bytes)
Event: 79045.281 Thread 0x0000016922226800 nmethod 2480 0x00000169122a0690 code [0x00000169122a0840, 0x00000169122a08a8]
Event: 80376.017 Thread 0x0000016922226800 2481       4       com.jprofiler.agent.sampler.b::a (434 bytes)
Event: 80376.454 Thread 0x0000016922226800 nmethod 2481 0x00000169122a0990 code [0x00000169122a0c40, 0x00000169122a21e0]

GC Heap History (2 events):
Event: 63.326 GC heap before
{Heap before GC invocations=0 (full 0):
 garbage-first heap   total 129024K, used 31744K [0x0000000083000000, 0x0000000100000000)
  region size 1024K, 24 young (24576K), 0 survivors (0K)
 Metaspace       used 20195K, capacity 20536K, committed 20736K, reserved 1067008K
  class space    used 2118K, capacity 2269K, committed 2304K, reserved 1048576K
}
Event: 63.331 GC heap after
{Heap after GC invocations=1 (full 0):
 garbage-first heap   total 129024K, used 7988K [0x0000000083000000, 0x0000000100000000)
  region size 1024K, 3 young (3072K), 3 survivors (3072K)
 Metaspace       used 20195K, capacity 20536K, committed 20736K, reserved 1067008K
  class space    used 2118K, capacity 2269K, committed 2304K, reserved 1048576K
}

Deoptimization events (10 events):
Event: 25.643 Thread 0x000001692335a000 Uncommon trap: reason=unstable_if action=reinterpret pc=0x00000169121f506c method=java.util.ArrayList.indexOfRange(Ljava/lang/Object;II)I @ 45 c2
Event: 44.383 Thread 0x0000016922c45800 Uncommon trap: reason=unstable_if action=reinterpret pc=0x000001691219a8b0 method=com.jprofiler.agent.triggers.nanoxml.XMLElement.readChar()C @ 39 c2
Event: 52.310 Thread 0x000001692335a000 Uncommon trap: reason=unstable_if action=reinterpret pc=0x000001691223560c method=java.awt.geom.AffineTransform.translate(DD)V @ 533 c2
Event: 52.310 Thread 0x000001692335a000 Uncommon trap: reason=unstable_if action=reinterpret pc=0x0000016912237754 method=sun.java2d.SunGraphics2D.invalidateTransform()V @ 102 c2
Event: 52.310 Thread 0x000001692335a000 Uncommon trap: reason=unstable_if action=reinterpret pc=0x0000016912235190 method=java.awt.geom.AffineTransform.updateState()V @ 95 c2
Event: 53.638 Thread 0x0000016925947800 Uncommon trap: reason=unstable_if action=reinterpret pc=0x000001691223b1b0 method=javax.swing.plaf.basic.BasicButtonListener.propertyChange(Ljava/beans/PropertyChangeEvent;)V @ 48 c2
Event: 60.038 Thread 0x000001692335a000 Uncommon trap: reason=unstable_if action=reinterpret pc=0x000001691224c94c method=java.util.concurrent.locks.ReentrantLock$Sync.tryRelease(I)Z @ 28 c2
Event: 60.344 Thread 0x000001692335a000 Uncommon trap: reason=unstable_if action=reinterpret pc=0x0000016912240b50 method=java.util.concurrent.locks.ReentrantLock$Sync.tryRelease(I)Z @ 28 c2
Event: 62.796 Thread 0x0000016925947800 Uncommon trap: reason=unstable_if action=reinterpret pc=0x000001691224ecb8 method=com.jprofiler.agent.InstrumentationCallee.__ejt_enterMethodLn(SSS)V @ 3 c2
Event: 78941.302 Thread 0x0000016922c3a000 Uncommon trap: reason=unstable_if action=reinterpret pc=0x0000016912292318 method=com.jprofiler.agent.sampler.b.b(J)J @ 52 c2

Classes redefined (10 events):
Event: 0.938 Thread 0x0000016921812000 redefined class name=sun.nio.fs.WindowsNativeDispatcher, count=1
Event: 0.940 Thread 0x0000016921812000 redefined class name=java.io.FileOutputStream, count=1
Event: 0.942 Thread 0x0000016921812000 redefined class name=java.io.FileInputStream, count=1
Event: 0.943 Thread 0x0000016921812000 redefined class name=java.util.concurrent.locks.LockSupport, count=1
Event: 0.944 Thread 0x0000016921812000 redefined class name=java.lang.Thread, count=1
Event: 0.946 Thread 0x0000016921812000 redefined class name=java.lang.Object, count=1
Event: 44.412 Thread 0x0000016921812000 redefined class name=API.graphics.GUI$1, count=1
Event: 44.416 Thread 0x0000016921812000 redefined class name=API.graphics.Cell, count=1
Event: 44.419 Thread 0x0000016921812000 redefined class name=API.graphics.GUI, count=1
Event: 44.425 Thread 0x0000016921812000 redefined class name=java.lang.Thread, count=3

Internal exceptions (10 events):
Event: 24.956 Thread 0x00000169007c5000 Exception <a 'java/lang/NoSuchMethodError'{0x000000008a670b70}: java.lang.invoke.DirectMethodHandle$Holder.invokeSpecial(Ljava/lang/Object;Ljava/lang/Object;ILjava/lang/Object;Ljava/lang/Object;Ljava/lang/Object;)Ljava/lang/Object;> (0x000000008a670b70) t
Event: 24.966 Thread 0x00000169007c5000 Exception <a 'java/lang/NoSuchMethodError'{0x000000008a687128}: java.lang.invoke.DirectMethodHandle$Holder.invokeStatic(Ljava/lang/Object;ILjava/lang/Object;)Ljava/lang/Object;> (0x000000008a687128) thrown at [t:/workspace/open/src/hotspot/share/interpret
Event: 25.028 Thread 0x00000169007c5000 Exception <a 'java/lang/ClassNotFoundException'{0x000000008a52e190}: com/sun/swing/internal/plaf/metal/resources/spi/metalProvider> (0x000000008a52e190) thrown at [t:/workspace/open/src/hotspot/share/classfile/systemDictionary.cpp, line 235]
Event: 25.035 Thread 0x00000169007c5000 Exception <a 'java/lang/ClassNotFoundException'{0x000000008a5345d8}: com/sun/swing/internal/plaf/basic/resources/spi/basicProvider> (0x000000008a5345d8) thrown at [t:/workspace/open/src/hotspot/share/classfile/systemDictionary.cpp, line 235]
Event: 25.148 Thread 0x00000169007c5000 Implicit null exception at 0x00000169121c9d88 to 0x00000169121c9f96
Event: 25.155 Thread 0x00000169007c5000 Implicit null exception at 0x00000169121d06c0 to 0x00000169121d1626
Event: 25.373 Thread 0x00000169007c5000 Exception <a 'java/lang/NoSuchMethodError'{0x000000008a105860}: java.lang.invoke.DirectMethodHandle$Holder.invokeStaticInit(Ljava/lang/Object;)V> (0x000000008a105860) thrown at [t:/workspace/open/src/hotspot/share/interpreter/linkResolver.cpp, line 777]
Event: 25.384 Thread 0x00000169007c5000 Exception <a 'java/lang/NoSuchMethodError'{0x000000008a136a70}: java.lang.invoke.Invokers$Holder.linkToTargetMethod(Ljava/lang/Object;ILjava/lang/Object;)Ljava/lang/Object;> (0x000000008a136a70) thrown at [t:/workspace/open/src/hotspot/share/interpreter/l
Event: 44.388 Thread 0x0000016922ccc000 Exception <a 'java/lang/InterruptedException'{0x000000008a97e640}: sleep interrupted> (0x000000008a97e640) thrown at [t:/workspace/open/src/hotspot/share/prims/jvm.cpp, line 2998]
Event: 44.718 Thread 0x0000016922ccc000 Exception <a 'java/lang/InterruptedException'{0x000000008a97ea50}: sleep interrupted> (0x000000008a97ea50) thrown at [t:/workspace/open/src/hotspot/share/prims/jvm.cpp, line 2998]

Events (10 events):
Event: 5036.215 Executing VM operation: RevokeBias done
Event: 5036.215 loading class java/awt/KeyboardFocusManager$2
Event: 5036.340 loading class java/awt/KeyboardFocusManager$2 done
Event: 5036.340 loading class sun/awt/SunToolkit$1
Event: 5036.340 loading class sun/awt/SunToolkit$1 done
Event: 16557.808 Thread 0x0000016922c45800 DEOPT PACKING pc=0x000001690b151e2e sp=0x000000666dffd230
Event: 16557.835 Thread 0x0000016922c45800 DEOPT UNPACKING pc=0x000001690a6d96ce sp=0x000000666dffc668 mode 0
Event: 78940.782 Thread 0x0000016922c3a000 Uncommon trap: trap_request=0xffffff4d fr.pc=0x0000016912292318 relative=0x0000000000000f58
Event: 78941.542 Thread 0x0000016922c3a000 DEOPT PACKING pc=0x0000016912292318 sp=0x000000666e3fed60
Event: 78941.556 Thread 0x0000016922c3a000 DEOPT UNPACKING pc=0x000001690a6d98af sp=0x000000666e3feb90 mode 2


Dynamic libraries:
0x00007ff7c0eb0000 - 0x00007ff7c0ebf000 	C:\Program Files\Java\jdk-12.0.2\bin\javaw.exe
0x00007fff74a80000 - 0x00007fff74c70000 	C:\WINDOWS\SYSTEM32\ntdll.dll
0x00007fff73410000 - 0x00007fff734c2000 	C:\WINDOWS\System32\KERNEL32.DLL
0x00007fff723c0000 - 0x00007fff72663000 	C:\WINDOWS\System32\KERNELBASE.dll
0x00007fff726a0000 - 0x00007fff7279a000 	C:\WINDOWS\System32\ucrtbase.dll
0x00007fff25da0000 - 0x00007fff25db6000 	C:\Program Files\Java\jdk-12.0.2\bin\VCRUNTIME140.dll
0x00007fff6a3b0000 - 0x00007fff6a3c8000 	C:\Program Files\Java\jdk-12.0.2\bin\jli.dll
0x00007fff72bd0000 - 0x00007fff72c73000 	C:\WINDOWS\System32\ADVAPI32.dll
0x00007fff72c80000 - 0x00007fff72d1e000 	C:\WINDOWS\System32\msvcrt.dll
0x00007fff72d40000 - 0x00007fff72dd7000 	C:\WINDOWS\System32\sechost.dll
0x00007fff74920000 - 0x00007fff74a40000 	C:\WINDOWS\System32\RPCRT4.dll
0x00007fff74130000 - 0x00007fff742c4000 	C:\WINDOWS\System32\USER32.dll
0x00007fff72b00000 - 0x00007fff72b21000 	C:\WINDOWS\System32\win32u.dll
0x00007fff72ba0000 - 0x00007fff72bc6000 	C:\WINDOWS\System32\GDI32.dll
0x00007fff70e30000 - 0x00007fff710b5000 	C:\WINDOWS\WinSxS\amd64_microsoft.windows.common-controls_6595b64144ccf1df_6.0.18362.657_none_e6c5b579130e3898\COMCTL32.dll
0x00007fff727a0000 - 0x00007fff72934000 	C:\WINDOWS\System32\gdi32full.dll
0x00007fff742d0000 - 0x00007fff74606000 	C:\WINDOWS\System32\combase.dll
0x00007fff71b20000 - 0x00007fff71bbe000 	C:\WINDOWS\System32\msvcp_win.dll
0x00007fff72340000 - 0x00007fff723c0000 	C:\WINDOWS\System32\bcryptPrimitives.dll
0x00007fff66690000 - 0x00007fff6669a000 	C:\WINDOWS\SYSTEM32\VERSION.dll
0x00007fff73fa0000 - 0x00007fff73fce000 	C:\WINDOWS\System32\IMM32.DLL
0x00007fff4fd90000 - 0x00007fff4fe3a000 	C:\Program Files\Java\jdk-12.0.2\bin\msvcp140.dll
0x00007fff25220000 - 0x00007fff25d97000 	C:\Program Files\Java\jdk-12.0.2\bin\server\jvm.dll
0x00007fff74910000 - 0x00007fff74918000 	C:\WINDOWS\System32\PSAPI.DLL
0x00007fff519d0000 - 0x00007fff519d9000 	C:\WINDOWS\SYSTEM32\WSOCK32.dll
0x00007fff6ad90000 - 0x00007fff6adb4000 	C:\WINDOWS\SYSTEM32\WINMM.dll
0x00007fff740c0000 - 0x00007fff7412f000 	C:\WINDOWS\System32\WS2_32.dll
0x00007fff6ad60000 - 0x00007fff6ad8d000 	C:\WINDOWS\SYSTEM32\WINMMBASE.dll
0x00007fff72940000 - 0x00007fff7298a000 	C:\WINDOWS\System32\cfgmgr32.dll
0x00007fff71960000 - 0x00007fff71971000 	C:\WINDOWS\System32\kernel.appcore.dll
0x00007fff25200000 - 0x00007fff25211000 	C:\Program Files\Java\jdk-12.0.2\bin\verify.dll
0x00007fff71470000 - 0x00007fff71664000 	C:\WINDOWS\SYSTEM32\DBGHELP.DLL
0x00007fff711e0000 - 0x00007fff7120a000 	C:\WINDOWS\SYSTEM32\dbgcore.DLL
0x00007fff251d0000 - 0x00007fff251f6000 	C:\Program Files\Java\jdk-12.0.2\bin\java.dll
0x00007fff4f760000 - 0x00007fff4f921000 	D:\jprofiler11\bin\windows-x64\jprofilerti.dll
0x00007fff251b0000 - 0x00007fff251c7000 	C:\Program Files\Java\jdk-12.0.2\bin\zip.dll
0x00007fff31850000 - 0x00007fff3185a000 	C:\Program Files\Java\jdk-12.0.2\bin\jimage.dll
0x00007fff734d0000 - 0x00007fff73bb5000 	C:\WINDOWS\System32\SHELL32.dll
0x00007fff746c0000 - 0x00007fff74769000 	C:\WINDOWS\System32\shcore.dll
0x00007fff71bc0000 - 0x00007fff7233f000 	C:\WINDOWS\System32\windows.storage.dll
0x00007fff719f0000 - 0x00007fff71a0f000 	C:\WINDOWS\System32\profapi.dll
0x00007fff719a0000 - 0x00007fff719ea000 	C:\WINDOWS\System32\powrprof.dll
0x00007fff71950000 - 0x00007fff71960000 	C:\WINDOWS\System32\UMPDC.dll
0x00007fff748b0000 - 0x00007fff74902000 	C:\WINDOWS\System32\shlwapi.dll
0x00007fff72ae0000 - 0x00007fff72af7000 	C:\WINDOWS\System32\cryptsp.dll
0x00007fff68b80000 - 0x00007fff68b99000 	C:\Program Files\Java\jdk-12.0.2\bin\net.dll
0x00007fff69710000 - 0x00007fff69800000 	C:\WINDOWS\SYSTEM32\WINHTTP.dll
0x00007fff5e860000 - 0x00007fff5ea36000 	C:\WINDOWS\SYSTEM32\urlmon.dll
0x00007fff5f560000 - 0x00007fff5f806000 	C:\WINDOWS\SYSTEM32\iertutil.dll
0x00007fff70d10000 - 0x00007fff70d1c000 	C:\WINDOWS\SYSTEM32\CRYPTBASE.DLL
0x00007fff70b40000 - 0x00007fff70ba7000 	C:\WINDOWS\system32\mswsock.dll
0x00007fff68b60000 - 0x00007fff68b73000 	C:\Program Files\Java\jdk-12.0.2\bin\nio.dll
0x00007fff706b0000 - 0x00007fff706e3000 	C:\WINDOWS\system32\rsaenh.dll
0x00007fff72670000 - 0x00007fff72696000 	C:\WINDOWS\System32\bcrypt.dll
0x00007fff71870000 - 0x00007fff71895000 	C:\WINDOWS\SYSTEM32\USERENV.dll
0x00007fff70850000 - 0x00007fff7088a000 	C:\WINDOWS\SYSTEM32\IPHLPAPI.DLL
0x00007fff72b90000 - 0x00007fff72b98000 	C:\WINDOWS\System32\NSI.dll
0x00007fff61780000 - 0x00007fff61796000 	C:\WINDOWS\SYSTEM32\dhcpcsvc6.DLL
0x00007fff61ab0000 - 0x00007fff61acc000 	C:\WINDOWS\SYSTEM32\dhcpcsvc.DLL
0x00007fff70890000 - 0x00007fff7095a000 	C:\WINDOWS\SYSTEM32\DNSAPI.dll
0x00007fff68b50000 - 0x00007fff68b59000 	C:\Program Files\Java\jdk-12.0.2\bin\management.dll
0x00007fff68b40000 - 0x00007fff68b4c000 	C:\Program Files\Java\jdk-12.0.2\bin\management_ext.dll
0x00007fff21430000 - 0x00007fff215cf000 	C:\Program Files\Java\jdk-12.0.2\bin\awt.dll
0x00007fff74770000 - 0x00007fff74834000 	C:\WINDOWS\System32\OLEAUT32.dll
0x00007fff6ae90000 - 0x00007fff6b450000 	C:\WINDOWS\SYSTEM32\d2d1.dll
0x00007fff6c360000 - 0x00007fff6c3ef000 	C:\WINDOWS\SYSTEM32\apphelp.dll
0x00007fff6ca00000 - 0x00007fff6ca2d000 	C:\WINDOWS\system32\DWMAPI.DLL
0x00007fff6c530000 - 0x00007fff6c5c9000 	C:\WINDOWS\system32\uxtheme.dll
0x00007fff384b0000 - 0x00007fff38606000 	C:\WINDOWS\system32\opengl32.dll
0x00007fff38a30000 - 0x00007fff38a5c000 	C:\WINDOWS\SYSTEM32\GLU32.dll
0x00007fff6ffc0000 - 0x00007fff6ffe0000 	C:\WINDOWS\SYSTEM32\dxcore.dll
0x00007fff732d0000 - 0x00007fff73405000 	C:\WINDOWS\System32\MSCTF.dll
0x00007fff73c90000 - 0x00007fff73de6000 	C:\WINDOWS\System32\ole32.dll
0x00007fff40c00000 - 0x00007fff40c80000 	C:\Program Files\Java\jdk-12.0.2\bin\freetype.dll
0x00007fff21380000 - 0x00007fff2142b000 	C:\Program Files\Java\jdk-12.0.2\bin\fontmanager.dll
0x00007fff60af0000 - 0x00007fff60b8e000 	C:\WINDOWS\System32\TextInputFramework.dll
0x00007fff693c0000 - 0x00007fff696ea000 	C:\WINDOWS\System32\CoreUIComponents.dll
0x00007fff6bb10000 - 0x00007fff6bbe4000 	C:\WINDOWS\System32\CoreMessaging.dll
0x00007fff71430000 - 0x00007fff71461000 	C:\WINDOWS\SYSTEM32\ntmarta.dll
0x00007fff69c30000 - 0x00007fff69d83000 	C:\WINDOWS\SYSTEM32\wintypes.dll
0x00007fff74610000 - 0x00007fff746b2000 	C:\WINDOWS\System32\clbcatq.dll
0x00007fff2fc20000 - 0x00007fff2fe0b000 	C:\WINDOWS\system32\SogouTSF.ime
0x00007fff5a110000 - 0x00007fff5a117000 	C:\WINDOWS\system32\MSIMG32.dll
0x00007fff2f390000 - 0x00007fff2fc19000 	C:\WINDOWS\system32\SogouPy.ime
0x00007fff5a0a0000 - 0x00007fff5a105000 	C:\WINDOWS\SYSTEM32\OLEACC.dll
0x0000000010000000 - 0x000000001011d000 	C:\Program Files (x86)\SogouInput\9.5.0.3517\Resource.dll
0x00007fff2dea0000 - 0x00007fff2e109000 	C:\Program Files (x86)\SogouInput\Components\PicFace\1.1.0.1867\PicFace64.dll
0x00007fff73bc0000 - 0x00007fff73c90000 	C:\WINDOWS\System32\COMDLG32.dll
0x00007fff5b940000 - 0x00007fff5b958000 	C:\Program Files (x86)\SogouInput\Components\VoiceInput\1.0.0.163\VoiceInput64.dll

dbghelp: loaded successfully - version: 4.0.5 - missing functions: none
symbol engine: initialized successfully - sym options: 0x614 - pdb path: .;C:\Program Files\Java\jdk-12.0.2\bin;C:\WINDOWS\SYSTEM32;C:\WINDOWS\WinSxS\amd64_microsoft.windows.common-controls_6595b64144ccf1df_6.0.18362.657_none_e6c5b579130e3898;C:\Program Files\Java\jdk-12.0.2\bin\server;D:\jprofiler11\bin\windows-x64;C:\Program Files (x86)\SogouInput\9.5.0.3517;C:\Program Files (x86)\SogouInput\Components\PicFace\1.1.0.1867;C:\Program Files (x86)\SogouInput\Components\VoiceInput\1.0.0.163

VM Arguments:
jvm_args: -agentpath:D:\jprofiler11\bin\windows-x64\jprofilerti.dll=port=34314 -Djprofiler.64bit=true -Dfile.encoding=GBK 
java_command: API.graphics.GUI
java_class_path (initial): D:\java eclipseworkplace\Game\bin;C:\Users\—Ó—‡Ê√\Desktop\eclipse\plugins\org.junit_4.12.0.v201504281640\junit.jar;C:\Users\—Ó—‡Ê√\Desktop\eclipse\plugins\org.hamcrest.core_1.3.0.v20180420-1519.jar
Launcher Type: SUN_STANDARD

[Global flags]
     intx CICompilerCount                          = 4                                         {product} {ergonomic}
     uint ConcGCThreads                            = 2                                         {product} {ergonomic}
     uint G1ConcRefinementThreads                  = 8                                         {product} {ergonomic}
   size_t G1HeapRegionSize                         = 1048576                                   {product} {ergonomic}
    uintx GCDrainStackTargetSize                   = 64                                        {product} {ergonomic}
   size_t InitialHeapSize                          = 132120576                                 {product} {ergonomic}
   size_t MarkStackSize                            = 4194304                                   {product} {ergonomic}
   size_t MaxHeapSize                              = 2097152000                                {product} {ergonomic}
   size_t MaxNewSize                               = 1258291200                                {product} {ergonomic}
   size_t MinHeapDeltaBytes                        = 1048576                                   {product} {ergonomic}
    uintx NonNMethodCodeHeapSize                   = 5836300                                {pd product} {ergonomic}
    uintx NonProfiledCodeHeapSize                  = 122910970                              {pd product} {ergonomic}
    uintx ProfiledCodeHeapSize                     = 122910970                              {pd product} {ergonomic}
    uintx ReservedCodeCacheSize                    = 251658240                              {pd product} {ergonomic}
     bool SegmentedCodeCache                       = true                                      {product} {ergonomic}
     bool UseCompressedClassPointers               = true                                 {lp64_product} {ergonomic}
     bool UseCompressedOops                        = true                                 {lp64_product} {ergonomic}
     bool UseG1GC                                  = true                                      {product} {ergonomic}
     bool UseLargePagesIndividualAllocation        = false                                  {pd product} {ergonomic}

Logging:
Log output configuration:
 #0: stdout all=warning uptime,level,tags
 #1: stderr all=off uptime,level,tags

Environment Variables:
JAVA_HOME=C:\Program Files\Java\jdk-12.0.2
CLASSPATH=.;C:\Program Files\Java\jdk-12.0.2\lib\dt.jar;C:\Program Files\Java\jdk-12.0.2\lib\tools.jar
PATH=D:\jprofiler11\bin\windows-x64;C:/Program Files/Java/jdk-12.0.2/bin/server;C:/Program Files/Java/jdk-12.0.2/bin;C:\Program Files (x86)\Intel\Intel(R) Management Engine Components\iCLS\;C:\Program Files\Intel\Intel(R) Management Engine Components\iCLS\;C:\Windows\system32;C:\Windows;C:\Windows\System32\Wbem;C:\Windows\System32\WindowsPowerShell\v1.0\;C:\Windows\System32\OpenSSH\;C:\Program Files (x86)\Intel\Intel(R) Management Engine Components\DAL;C:\Program Files\Intel\Intel(R) Management Engine Components\DAL;C:\Program Files\Intel\WiFi\bin\;C:\Program Files\Common Files\Intel\WirelessCommon\;C:\Program Files (x86)\NVIDIA Corporation\PhysX\Common;C:\Program Files (x86)\Microsoft SQL Server\100\Tools\Binn\;C:\Program Files\Microsoft SQL Server\100\Tools\Binn\;C:\Program Files\Microsoft SQL Server\100\DTS\Binn\;C:\Program Files\Java\jdk-12.0.2\bin;C:\Program Files\Java\jdk-12.0.2\jre\bin;C:\WINDOWS\system32;C:\WINDOWS;C:\WINDOWS\System32\Wbem;C:\WINDOWS\System32\WindowsPowerShell\v1.0\;C:\WINDOWS\System32\OpenSSH\;C:\Program Files\MySQL\MySQL Server 5.7\bin;D:\matlab\runtime\win64;D:\matlab\bin;D:\matlab\polyspace\bin;C:\Users\—Ó—‡Ê√\AppData\Local\Microsoft\WindowsApps;;C:\Users\—Ó—‡Ê√\Desktop\eclipse;
USERNAME=—Ó—‡Ê√
OS=Windows_NT
PROCESSOR_IDENTIFIER=Intel64 Family 6 Model 142 Stepping 11, GenuineIntel



---------------  S Y S T E M  ---------------

OS: Windows 10 , 64 bit Build 18362 (10.0.18362.329)

CPU:total 8 (initial active 8) (4 cores per cpu, 2 threads per core) family 6 model 142 stepping 11, cmov, cx8, fxsr, mmx, sse, sse2, sse3, ssse3, sse4.1, sse4.2, popcnt, avx, avx2, aes, clmul, erms, 3dnowpref, lzcnt, ht, tsc, tscinvbit, bmi1, bmi2, adx, fma

Memory: 4k page, system-wide physical 7999M (1429M free)
TotalPageFile size 18751M (AvailPageFile size 4496M)
current process WorkingSet (physical memory assigned to process): 26M, peak: 146M
current process commit charge ("private bytes"): 266M, peak: 274M

vm_info: Java HotSpot(TM) 64-Bit Server VM (12.0.2+10) for windows-amd64 JRE (12.0.2+10), built on Jul 16 2019 01:56:17 by "mach5one" with MS VC++ 15.5 (VS2017)

END.
